1616427709535	geckodriver	INFO	Listening on 127.0.0.1:45453
1616427709539	mozrunner::runner	INFO	Running command: "/usr/bin/firefox" "--marionette" "-foreground" "-no-remote" "-profile" "/tmp/rust_mozprofiletyFuXE"
[GFX1-]: glxtest: X error, error_code=2, request_code=152, minor_code=3
[GFX1-]: More than 1 GPU detected via PCI, cannot deduce vendor
[GFX1-]: PCI candidate 0x8086/0x5917
[GFX1-]: PCI candidate 0x10de/0x1d10
[GFX1-]: glxtest: process failed (exited with status 1)
console.warn: SearchSettings: "get: No settings file exists, new profile?" (new Error("", "(unknown module)"))
1616427721276	Marionette	INFO	Listening on port 36919
1616427721299	Marionette	WARN	TLS certificate errors will be ignored for this session
JavaScript warning: https://static.olx.pl/static/olxpl/packed/sw27b69c93f5438aa8a29d33d8d495766d.js, line 118: WebGL warning: <Create>: WebglAllowWindowsNativeGl:false restricts context creation on this system.
JavaScript warning: https://static.olx.pl/static/olxpl/packed/sw27b69c93f5438aa8a29d33d8d495766d.js, line 118: Failed to create WebGL context: WebGL creation failed: 
* WebglAllowWindowsNativeGl:false restricts context creation on this system.
* Exhausted GL driver options.
JavaScript error: https://www.olx.pl/, line 27: TypeError: window.parent.document.querySelector(...) is null
1616427771648	Marionette	WARN	Ignoring event 'DOMContentLoaded' because document has an invalid readyState of 'complete'.
JavaScript warning: https://static.olx.pl/static/olxpl/packed/sw38132963b7b052e11b6901c502a84fd8.js, line 1: unreachable code after return statement
1616427786857	Marionette	INFO	Stopped listening on port 36919
JavaScript error: chrome://global/content/elements/browser-custom-element.js, line 1681: NotFoundError: No such JSWindowActor 'MarionetteEvents'
JavaScript error: resource://activity-stream/lib/ASRouter.jsm, line 988: NS_ERROR_ILLEGAL_VALUE: Component returned failure code: 0x80070057 (NS_ERROR_ILLEGAL_VALUE) [nsIObserverService.removeObserver]
1616427788977	geckodriver	INFO	Listening on 127.0.0.1:47357
1616427788981	mozrunner::runner	INFO	Running command: "/usr/bin/firefox" "--marionette" "-foreground" "-no-remote" "-profile" "/tmp/rust_mozprofileWBpS4y"
[GFX1-]: glxtest: X error, error_code=2, request_code=152, minor_code=3
[GFX1-]: More than 1 GPU detected via PCI, cannot deduce vendor
[GFX1-]: PCI candidate 0x8086/0x5917
[GFX1-]: PCI candidate 0x10de/0x1d10
[GFX1-]: glxtest: process failed (exited with status 1)
console.warn: SearchSettings: "get: No settings file exists, new profile?" (new Error("", "(unknown module)"))
1616427800330	Marionette	INFO	Listening on port 40967
1616427800438	Marionette	WARN	TLS certificate errors will be ignored for this session
JavaScript warning: https://github.githubassets.com/assets/webgl-globe-663c6543.js, line 1: WebGL warning: <Create>: WebglAllowWindowsNativeGl:false restricts context creation on this system.
JavaScript warning: https://github.githubassets.com/assets/webgl-globe-663c6543.js, line 1: Failed to create WebGL context: WebGL creation failed: 
* WebglAllowWindowsNativeGl:false restricts context creation on this system.
* Exhausted GL driver options.
JavaScript warning: https://github.githubassets.com/assets/webgl-globe-663c6543.js, line 1: WebGL warning: <Create>: AllowWebgl2:false restricts context creation on this system.
JavaScript warning: https://github.githubassets.com/assets/webgl-globe-663c6543.js, line 1: Failed to create WebGL context: WebGL creation failed: 
* AllowWebgl2:false restricts context creation on this system.
JavaScript warning: https://github.githubassets.com/assets/webgl-globe-663c6543.js, line 1: WebGL warning: <Create>: WebglAllowWindowsNativeGl:false restricts context creation on this system.
JavaScript warning: https://github.githubassets.com/assets/webgl-globe-663c6543.js, line 1: Failed to create WebGL context: WebGL creation failed: 
* WebglAllowWindowsNativeGl:false restricts context creation on this system.
* Exhausted GL driver options.
JavaScript error: resource://gre/actors/PictureInPictureChild.jsm, line 569: TypeError: this.contentWindow is null
JavaScript error: resource://gre/actors/PictureInPictureChild.jsm, line 225: InvalidStateError: JSWindowActorChild.document getter: Cannot access property 'document' after actor 'PictureInPictureToggle' has been destroyed
JavaScript warning: https://github.githubassets.com/assets/webgl-globe-663c6543.js, line 1: WebGL warning: <Create>: WebglAllowWindowsNativeGl:false restricts context creation on this system.
JavaScript warning: https://github.githubassets.com/assets/webgl-globe-663c6543.js, line 1: Failed to create WebGL context: WebGL creation failed: 
* WebglAllowWindowsNativeGl:false restricts context creation on this system.
* Exhausted GL driver options.
JavaScript warning: https://github.githubassets.com/assets/webgl-globe-663c6543.js, line 1: WebGL warning: <Create>: AllowWebgl2:false restricts context creation on this system.
JavaScript warning: https://github.githubassets.com/assets/webgl-globe-663c6543.js, line 1: Failed to create WebGL context: WebGL creation failed: 
* AllowWebgl2:false restricts context creation on this system.
JavaScript warning: https://github.githubassets.com/assets/webgl-globe-663c6543.js, line 1: WebGL warning: <Create>: WebglAllowWindowsNativeGl:false restricts context creation on this system.
JavaScript warning: https://github.githubassets.com/assets/webgl-globe-663c6543.js, line 1: Failed to create WebGL context: WebGL creation failed: 
* WebglAllowWindowsNativeGl:false restricts context creation on this system.
* Exhausted GL driver options.
JavaScript error: resource://gre/actors/PictureInPictureChild.jsm, line 569: TypeError: this.contentWindow is null
JavaScript error: resource://gre/actors/PictureInPictureChild.jsm, line 225: InvalidStateError: JSWindowActorChild.document getter: Cannot access property 'document' after actor 'PictureInPictureToggle' has been destroyed
JavaScript error: https://github.githubassets.com/assets/environment-f0adafbf.js, line 1: Error: could not resolve ./chunk-jump-to.js, error loading the module
JavaScript error: https://github.githubassets.com/assets/environment-f0adafbf.js, line 1: Error: could not resolve ./chunk-jump-to.js, error loading the module
JavaScript warning: https://github.githubassets.com/assets/webgl-globe-663c6543.js, line 1: WebGL warning: <Create>: WebglAllowWindowsNativeGl:false restricts context creation on this system.
JavaScript warning: https://github.githubassets.com/assets/webgl-globe-663c6543.js, line 1: Failed to create WebGL context: WebGL creation failed: 
* WebglAllowWindowsNativeGl:false restricts context creation on this system.
* Exhausted GL driver options.
JavaScript warning: https://github.githubassets.com/assets/webgl-globe-663c6543.js, line 1: WebGL warning: <Create>: AllowWebgl2:false restricts context creation on this system.
JavaScript warning: https://github.githubassets.com/assets/webgl-globe-663c6543.js, line 1: Failed to create WebGL context: WebGL creation failed: 
* AllowWebgl2:false restricts context creation on this system.
JavaScript warning: https://github.githubassets.com/assets/webgl-globe-663c6543.js, line 1: WebGL warning: <Create>: WebglAllowWindowsNativeGl:false restricts context creation on this system.
JavaScript warning: https://github.githubassets.com/assets/webgl-globe-663c6543.js, line 1: Failed to create WebGL context: WebGL creation failed: 
* WebglAllowWindowsNativeGl:false restricts context creation on this system.
* Exhausted GL driver options.
1616427828749	Marionette	INFO	Stopped listening on port 40967
JavaScript error: resource://gre/actors/PictureInPictureChild.jsm, line 299: InvalidStateError: JSWindowActorChild.contentWindow getter: Cannot access property 'contentWindow' after actor 'PictureInPictureToggle' has been destroyed
JavaScript error: resource://gre/actors/PictureInPictureChild.jsm, line 299: InvalidStateError: JSWindowActorChild.contentWindow getter: Cannot access property 'contentWindow' after actor 'PictureInPictureToggle' has been destroyed
JavaScript error: resource://gre/actors/PictureInPictureChild.jsm, line 299: InvalidStateError: JSWindowActorChild.contentWindow getter: Cannot access property 'contentWindow' after actor 'PictureInPictureToggle' has been destroyed
JavaScript error: resource://gre/actors/PictureInPictureChild.jsm, line 299: InvalidStateError: JSWindowActorChild.contentWindow getter: Cannot access property 'contentWindow' after actor 'PictureInPictureToggle' has been destroyed
JavaScript error: resource://gre/actors/PictureInPictureChild.jsm, line 299: InvalidStateError: JSWindowActorChild.contentWindow getter: Cannot access property 'contentWindow' after actor 'PictureInPictureToggle' has been destroyed
JavaScript error: resource://gre/actors/PictureInPictureChild.jsm, line 299: InvalidStateError: JSWindowActorChild.contentWindow getter: Cannot access property 'contentWindow' after actor 'PictureInPictureToggle' has been destroyed
JavaScript error: resource://activity-stream/lib/ASRouter.jsm, line 988: NS_ERROR_ILLEGAL_VALUE: Component returned failure code: 0x80070057 (NS_ERROR_ILLEGAL_VALUE) [nsIObserverService.removeObserver]
1616427831191	geckodriver	INFO	Listening on 127.0.0.1:48765
1616427831198	mozrunner::runner	INFO	Running command: "/usr/bin/firefox" "--marionette" "-foreground" "-no-remote" "-profile" "/tmp/rust_mozprofilepRtqni"
[GFX1-]: glxtest: X error, error_code=2, request_code=152, minor_code=3
[GFX1-]: More than 1 GPU detected via PCI, cannot deduce vendor
[GFX1-]: PCI candidate 0x8086/0x5917
[GFX1-]: PCI candidate 0x10de/0x1d10
[GFX1-]: glxtest: process failed (exited with status 1)
console.warn: SearchSettings: "get: No settings file exists, new profile?" (new Error("", "(unknown module)"))
1616427844343	Marionette	INFO	Listening on port 45609
1616427844455	Marionette	WARN	TLS certificate errors will be ignored for this session
JavaScript error: resource://gre/actors/AutoCompleteChild.jsm, line 125: Error: Invalid autocomplete selectedIndex
1616427909599	Marionette	WARN	Ignoring event 'pageshow' because document has an invalid readyState of 'uninitialized'.
1616427910648	Marionette	WARN	Ignoring event 'pageshow' because document has an invalid readyState of 'uninitialized'.
1616427910664	Marionette	WARN	Ignoring event 'pageshow' because document has an invalid readyState of 'uninitialized'.
IPDL protocol error: Handler returned error code!

###!!! [Parent][DispatchAsyncMessage] Error: PLayerTransaction::Msg_ReleaseLayer Processing error: message was deserialized, but the handler returned false (indicating failure)

JavaScript error: resource://activity-stream/lib/ASRouter.jsm, line 988: NS_ERROR_ILLEGAL_VALUE: Component returned failure code: 0x80070057 (NS_ERROR_ILLEGAL_VALUE) [nsIObserverService.removeObserver]
1616428199098	Marionette	INFO	Stopped listening on port 45609

###!!! [Parent][RunMessage] Error: Channel closing: too late to send/recv, messages will be lost

